2014/08/29 20:11:50 [error] [exception.CException] exception 'CException' with message 'image file not found' in /Users/sanmao/sscf/protected/extensions/image/Image.php:78
Stack trace:
#0 /Users/sanmao/sscf/protected/extensions/image/CImageComponent.php(41): Image->__construct('/Users/sanmao/s...', Array)
#1 /Users/sanmao/sscf/protected/controllers/MemberController.php(99): CImageComponent->load('/Users/sanmao/s...')
#2 /Users/sanmao/sscf/framework/web/actions/CInlineAction.php(49): MemberController->actionUpdate()
#3 /Users/sanmao/sscf/framework/web/CController.php(308): CInlineAction->runWithParams(Array)
#4 /Users/sanmao/sscf/framework/web/filters/CFilterChain.php(133): CController->runAction(Object(CInlineAction))
#5 /Users/sanmao/sscf/framework/web/filters/CFilter.php(40): CFilterChain->run()
#6 /Users/sanmao/sscf/framework/web/CController.php(1145): CFilter->filter(Object(CFilterChain))
#7 /Users/sanmao/sscf/framework/web/filters/CInlineFilter.php(58): CController->filterAccessControl(Object(CFilterChain))
#8 /Users/sanmao/sscf/framework/web/filters/CFilterChain.php(130): CInlineFilter->filter(Object(CFilterChain))
#9 /Users/sanmao/sscf/framework/web/CController.php(291): CFilterChain->run()
#10 /Users/sanmao/sscf/framework/web/CController.php(265): CController->runActionWithFilters(Object(CInlineAction), Array)
#11 /Users/sanmao/sscf/framework/web/CWebApplication.php(282): CController->run('update')
#12 /Users/sanmao/sscf/framework/web/CWebApplication.php(141): CWebApplication->runController('member/update')
#13 /Users/sanmao/sscf/framework/base/CApplication.php(169): CWebApplication->processRequest()
#14 /Users/sanmao/sscf/index.php(13): CApplication->run()
#15 {main}
REQUEST_URI=/member/update
HTTP_REFERER=http://seastar.local/member/update
---
2014/08/31 20:45:07 [error] [exception.CHttpException.404] exception 'CHttpException' with message '无法解析请求 "favicon.ico"。' in /Users/sanmao/sscf/framework/web/CWebApplication.php:286
Stack trace:
#0 /Users/sanmao/sscf/framework/web/CWebApplication.php(141): CWebApplication->runController('favicon.ico')
#1 /Users/sanmao/sscf/framework/base/CApplication.php(169): CWebApplication->processRequest()
#2 /Users/sanmao/sscf/index.php(13): CApplication->run()
#3 {main}
REQUEST_URI=/favicon.ico
---
2014/08/31 20:50:18 [error] [exception.CException] exception 'CException' with message 'TbActiveForm and its behaviors do not have a method or closure named "radio".' in /Users/sanmao/sscf/framework/base/CComponent.php:265
Stack trace:
#0 /Users/sanmao/sscf/protected/views/orgContact/_form.php(13): CComponent->__call('radio', Array)
#1 /Users/sanmao/sscf/protected/views/orgContact/_form.php(13): TbActiveForm->radio(Object(OrgContact), 'gender', Array)
#2 /Users/sanmao/sscf/framework/web/CBaseController.php(126): require('/Users/sanmao/s...')
#3 /Users/sanmao/sscf/framework/web/CBaseController.php(95): CBaseController->renderInternal('/Users/sanmao/s...', Array, true)
#4 /Users/sanmao/sscf/framework/web/CController.php(869): CBaseController->renderFile('/Users/sanmao/s...', Array, true)
#5 /Users/sanmao/sscf/protected/views/orgContact/create.php(18): CController->renderPartial('_form', Array)
#6 /Users/sanmao/sscf/framework/web/CBaseController.php(126): require('/Users/sanmao/s...')
#7 /Users/sanmao/sscf/framework/web/CBaseController.php(95): CBaseController->renderInternal('/Users/sanmao/s...', Array, true)
#8 /Users/sanmao/sscf/framework/web/CController.php(869): CBaseController->renderFile('/Users/sanmao/s...', Array, true)
#9 /Users/sanmao/sscf/framework/web/CController.php(782): CController->renderPartial('create', Array, true)
#10 /Users/sanmao/sscf/protected/controllers/OrgContactController.php(103): CController->render('create', Array)
#11 [internal function]: OrgContactController->actionCreate('1')
#12 /Users/sanmao/sscf/framework/web/actions/CAction.php(108): ReflectionMethod->invokeArgs(Object(OrgContactController), Array)
#13 /Users/sanmao/sscf/framework/web/actions/CInlineAction.php(47): CAction->runWithParamsInternal(Object(OrgContactController), Object(ReflectionMethod), Array)
#14 /Users/sanmao/sscf/framework/web/CController.php(308): CInlineAction->runWithParams(Array)
#15 /Users/sanmao/sscf/framework/web/filters/CFilterChain.php(133): CController->runAction(Object(CInlineAction))
#16 /Users/sanmao/sscf/framework/web/filters/CFilter.php(40): CFilterChain->run()
#17 /Users/sanmao/sscf/framework/web/CController.php(1145): CFilter->filter(Object(CFilterChain))
#18 /Users/sanmao/sscf/framework/web/filters/CInlineFilter.php(58): CController->filterAccessControl(Object(CFilterChain))
#19 /Users/sanmao/sscf/framework/web/filters/CFilterChain.php(130): CInlineFilter->filter(Object(CFilterChain))
#20 /Users/sanmao/sscf/framework/web/CController.php(291): CFilterChain->run()
#21 /Users/sanmao/sscf/framework/web/CController.php(265): CController->runActionWithFilters(Object(CInlineAction), Array)
#22 /Users/sanmao/sscf/framework/web/CWebApplication.php(282): CController->run('create')
#23 /Users/sanmao/sscf/framework/web/CWebApplication.php(141): CWebApplication->runController('orgContact/crea...')
#24 /Users/sanmao/sscf/framework/base/CApplication.php(169): CWebApplication->processRequest()
#25 /Users/sanmao/sscf/index.php(13): CApplication->run()
#26 {main}
REQUEST_URI=/orgContact/create?oid=1
HTTP_REFERER=http://seastar.local/org/1
---
2014/09/01 10:10:12 [error] [exception.CHttpException.404] exception 'CHttpException' with message '无法解析请求 "favicon.ico"。' in /Users/sanmao/sscf/framework/web/CWebApplication.php:286
Stack trace:
#0 /Users/sanmao/sscf/framework/web/CWebApplication.php(141): CWebApplication->runController('favicon.ico')
#1 /Users/sanmao/sscf/framework/base/CApplication.php(169): CWebApplication->processRequest()
#2 /Users/sanmao/sscf/index.php(13): CApplication->run()
#3 {main}
REQUEST_URI=/favicon.ico
---
2014/09/02 11:14:27 [error] [exception.CHttpException.404] exception 'CHttpException' with message '无法解析请求 "favicon.ico"。' in /Users/sanmao/sscf/framework/web/CWebApplication.php:286
Stack trace:
#0 /Users/sanmao/sscf/framework/web/CWebApplication.php(141): CWebApplication->runController('favicon.ico')
#1 /Users/sanmao/sscf/framework/base/CApplication.php(169): CWebApplication->processRequest()
#2 /Users/sanmao/sscf/index.php(13): CApplication->run()
#3 {main}
REQUEST_URI=/favicon.ico
---
2014/09/03 10:05:15 [error] [exception.CHttpException.404] exception 'CHttpException' with message '无法解析请求 "favicon.ico"。' in /Users/sanmao/sscf/framework/web/CWebApplication.php:286
Stack trace:
#0 /Users/sanmao/sscf/framework/web/CWebApplication.php(141): CWebApplication->runController('favicon.ico')
#1 /Users/sanmao/sscf/framework/base/CApplication.php(169): CWebApplication->processRequest()
#2 /Users/sanmao/sscf/index.php(13): CApplication->run()
#3 {main}
REQUEST_URI=/favicon.ico
---
2014/09/05 10:22:43 [error] [exception.CHttpException.404] exception 'CHttpException' with message '无法解析请求 "favicon.ico"。' in /Users/sanmao/sscf/framework/web/CWebApplication.php:286
Stack trace:
#0 /Users/sanmao/sscf/framework/web/CWebApplication.php(141): CWebApplication->runController('favicon.ico')
#1 /Users/sanmao/sscf/framework/base/CApplication.php(169): CWebApplication->processRequest()
#2 /Users/sanmao/sscf/index.php(13): CApplication->run()
#3 {main}
REQUEST_URI=/favicon.ico
---
2014/09/05 10:39:04 [error] [exception.CException] exception 'CException' with message '属性 "OrgContact.phone" 未被定义.' in /Users/sanmao/sscf/framework/base/CComponent.php:130
Stack trace:
#0 /Users/sanmao/sscf/framework/db/ar/CActiveRecord.php(143): CComponent->__get('phone')
#1 /Users/sanmao/sscf/protected/views/org/view.php(98): CActiveRecord->__get('phone')
#2 /Users/sanmao/sscf/framework/web/CBaseController.php(126): require('/Users/sanmao/s...')
#3 /Users/sanmao/sscf/framework/web/CBaseController.php(95): CBaseController->renderInternal('/Users/sanmao/s...', Array, true)
#4 /Users/sanmao/sscf/framework/web/CController.php(869): CBaseController->renderFile('/Users/sanmao/s...', Array, true)
#5 /Users/sanmao/sscf/framework/web/CController.php(782): CController->renderPartial('view', Array, true)
#6 /Users/sanmao/sscf/protected/controllers/OrgController.php(64): CController->render('view', Array)
#7 [internal function]: OrgController->actionView('1')
#8 /Users/sanmao/sscf/framework/web/actions/CAction.php(108): ReflectionMethod->invokeArgs(Object(OrgController), Array)
#9 /Users/sanmao/sscf/framework/web/actions/CInlineAction.php(47): CAction->runWithParamsInternal(Object(OrgController), Object(ReflectionMethod), Array)
#10 /Users/sanmao/sscf/framework/web/CController.php(308): CInlineAction->runWithParams(Array)
#11 /Users/sanmao/sscf/framework/web/filters/CFilterChain.php(133): CController->runAction(Object(CInlineAction))
#12 /Users/sanmao/sscf/framework/web/filters/CFilter.php(40): CFilterChain->run()
#13 /Users/sanmao/sscf/framework/web/CController.php(1145): CFilter->filter(Object(CFilterChain))
#14 /Users/sanmao/sscf/framework/web/filters/CInlineFilter.php(58): CController->filterAccessControl(Object(CFilterChain))
#15 /Users/sanmao/sscf/framework/web/filters/CFilterChain.php(130): CInlineFilter->filter(Object(CFilterChain))
#16 /Users/sanmao/sscf/framework/web/CController.php(291): CFilterChain->run()
#17 /Users/sanmao/sscf/framework/web/CController.php(265): CController->runActionWithFilters(Object(CInlineAction), Array)
#18 /Users/sanmao/sscf/framework/web/CWebApplication.php(282): CController->run('view')
#19 /Users/sanmao/sscf/framework/web/CWebApplication.php(141): CWebApplication->runController('org/view')
#20 /Users/sanmao/sscf/framework/base/CApplication.php(169): CWebApplication->processRequest()
#21 /Users/sanmao/sscf/index.php(13): CApplication->run()
#22 {main}
REQUEST_URI=/org/1
HTTP_REFERER=http://seastar.local/orgContact/create?oid=1
---
2014/09/05 11:05:21 [error] [php] Creating default object from empty value (/Users/sanmao/sscf/protected/views/user/view.php:19)
Stack trace:
#0 /Users/sanmao/sscf/framework/web/CController.php(869): UserController->renderFile()
#1 /Users/sanmao/sscf/framework/web/CController.php(782): UserController->renderPartial()
#2 /Users/sanmao/sscf/protected/controllers/UserController.php(47): UserController->render()
#3 unknown(0): UserController->actionView()
#4 /Users/sanmao/sscf/framework/web/actions/CAction.php(108): ReflectionMethod->invokeArgs()
#5 /Users/sanmao/sscf/framework/web/actions/CInlineAction.php(47): CInlineAction->runWithParamsInternal()
#6 /Users/sanmao/sscf/framework/web/CController.php(308): CInlineAction->runWithParams()
#7 /Users/sanmao/sscf/framework/web/filters/CFilterChain.php(133): UserController->runAction()
#8 /Users/sanmao/sscf/framework/web/filters/CFilter.php(40): CFilterChain->run()
#9 /Users/sanmao/sscf/framework/web/CController.php(1145): CAccessControlFilter->filter()
#10 /Users/sanmao/sscf/framework/web/filters/CInlineFilter.php(58): UserController->filterAccessControl()
#11 /Users/sanmao/sscf/framework/web/filters/CFilterChain.php(130): CInlineFilter->filter()
#12 /Users/sanmao/sscf/framework/web/CController.php(291): CFilterChain->run()
#13 /Users/sanmao/sscf/framework/web/CController.php(265): UserController->runActionWithFilters()
#14 /Users/sanmao/sscf/framework/web/CWebApplication.php(282): UserController->run()
#15 /Users/sanmao/sscf/framework/web/CWebApplication.php(141): CWebApplication->runController()
#16 /Users/sanmao/sscf/framework/base/CApplication.php(169): CWebApplication->processRequest()
#17 /Users/sanmao/sscf/index.php(13): CWebApplication->run()
REQUEST_URI=/user/1
in /Users/sanmao/sscf/protected/views/user/view.php (19)
in /Users/sanmao/sscf/protected/controllers/UserController.php (47)
in /Users/sanmao/sscf/index.php (13)
2014/09/05 11:10:08 [warning] [application] Failed to set unsafe attribute "return" of "CaseFamily".
in /Users/sanmao/sscf/protected/controllers/CaseFamilyController.php (74)
in /Users/sanmao/sscf/index.php (13)
2014/09/05 11:10:53 [warning] [application] Failed to set unsafe attribute "return" of "CaseFamily".
in /Users/sanmao/sscf/protected/controllers/CaseFamilyController.php (74)
in /Users/sanmao/sscf/index.php (13)
2014/09/05 11:12:48 [error] [exception.CException] exception 'CException' with message 'CaseFamily and its behaviors do not have a method or closure named "r_label".' in /Users/sanmao/sscf/framework/base/CComponent.php:265
Stack trace:
#0 /Users/sanmao/sscf/framework/db/ar/CActiveRecord.php(225): CComponent->__call('r_label', Array)
#1 /Users/sanmao/sscf/protected/views/childcase/memo/family.php(28): CActiveRecord->__call('r_label', Array)
#2 /Users/sanmao/sscf/protected/views/childcase/memo/family.php(28): CaseFamily->r_label('0')
#3 /Users/sanmao/sscf/framework/web/CBaseController.php(126): require('/Users/sanmao/s...')
#4 /Users/sanmao/sscf/framework/web/CBaseController.php(95): CBaseController->renderInternal('/Users/sanmao/s...', Array, true)
#5 /Users/sanmao/sscf/framework/web/CController.php(869): CBaseController->renderFile('/Users/sanmao/s...', Array, true)
#6 /Users/sanmao/sscf/protected/views/childcase/update.php(33): CController->renderPartial('memo/family', Array)
#7 /Users/sanmao/sscf/framework/web/CBaseController.php(126): require('/Users/sanmao/s...')
#8 /Users/sanmao/sscf/framework/web/CBaseController.php(95): CBaseController->renderInternal('/Users/sanmao/s...', Array, true)
#9 /Users/sanmao/sscf/framework/web/CController.php(869): CBaseController->renderFile('/Users/sanmao/s...', Array, true)
#10 /Users/sanmao/sscf/framework/web/CController.php(782): CController->renderPartial('update', Array, true)
#11 /Users/sanmao/sscf/protected/controllers/ChildcaseController.php(123): CController->render('update', Array)
#12 [internal function]: ChildcaseController->actionUpdate('44', 'family')
#13 /Users/sanmao/sscf/framework/web/actions/CAction.php(108): ReflectionMethod->invokeArgs(Object(ChildcaseController), Array)
#14 /Users/sanmao/sscf/framework/web/actions/CInlineAction.php(47): CAction->runWithParamsInternal(Object(ChildcaseController), Object(ReflectionMethod), Array)
#15 /Users/sanmao/sscf/framework/web/CController.php(308): CInlineAction->runWithParams(Array)
#16 /Users/sanmao/sscf/framework/web/filters/CFilterChain.php(133): CController->runAction(Object(CInlineAction))
#17 /Users/sanmao/sscf/framework/web/filters/CFilter.php(40): CFilterChain->run()
#18 /Users/sanmao/sscf/framework/web/CController.php(1145): CFilter->filter(Object(CFilterChain))
#19 /Users/sanmao/sscf/framework/web/filters/CInlineFilter.php(58): CController->filterAccessControl(Object(CFilterChain))
#20 /Users/sanmao/sscf/framework/web/filters/CFilterChain.php(130): CInlineFilter->filter(Object(CFilterChain))
#21 /Users/sanmao/sscf/framework/web/CController.php(291): CFilterChain->run()
#22 /Users/sanmao/sscf/framework/web/CController.php(265): CController->runActionWithFilters(Object(CInlineAction), Array)
#23 /Users/sanmao/sscf/framework/web/CWebApplication.php(282): CController->run('update')
#24 /Users/sanmao/sscf/framework/web/CWebApplication.php(141): CWebApplication->runController('childcase/updat...')
#25 /Users/sanmao/sscf/framework/base/CApplication.php(169): CWebApplication->processRequest()
#26 /Users/sanmao/sscf/index.php(13): CApplication->run()
#27 {main}
REQUEST_URI=/childcase/update/44?flag=family
HTTP_REFERER=http://seastar.local/childcase/update/44?flag=family
---
2014/09/05 11:18:53 [error] [exception.CException] exception 'CException' with message 'Org and its behaviors do not have a method or closure named "types".' in /Users/sanmao/sscf/framework/base/CComponent.php:265
Stack trace:
#0 /Users/sanmao/sscf/framework/db/ar/CActiveRecord.php(225): CComponent->__call('types', Array)
#1 /Users/sanmao/sscf/protected/views/org/_view.php(10): CActiveRecord->__call('types', Array)
#2 /Users/sanmao/sscf/protected/views/org/_view.php(10): Org->types('1')
#3 /Users/sanmao/sscf/framework/web/CBaseController.php(126): require('/Users/sanmao/s...')
#4 /Users/sanmao/sscf/framework/web/CBaseController.php(95): CBaseController->renderInternal('/Users/sanmao/s...', Array, true)
#5 /Users/sanmao/sscf/framework/web/CController.php(869): CBaseController->renderFile('/Users/sanmao/s...', Array, true)
#6 /Users/sanmao/sscf/protected/extensions/bootstrap/widgets/TbListView.php(48): CController->renderPartial('_view', Array)
#7 /Users/sanmao/sscf/framework/zii/widgets/CBaseListView.php(160): TbListView->renderItems()
#8 [internal function]: CBaseListView->renderSection(Array)
#9 /Users/sanmao/sscf/framework/zii/widgets/CBaseListView.php(143): preg_replace_callback('/{(\w+)}/', Array, '{summary}?{sort...')
#10 /Users/sanmao/sscf/framework/zii/widgets/CBaseListView.php(128): CBaseListView->renderContent()
#11 /Users/sanmao/sscf/framework/web/CBaseController.php(173): CBaseListView->run()
#12 /Users/sanmao/sscf/protected/views/org/index.php(38): CBaseController->widget('bootstrap.widge...', Array)
#13 /Users/sanmao/sscf/framework/web/CBaseController.php(126): require('/Users/sanmao/s...')
#14 /Users/sanmao/sscf/framework/web/CBaseController.php(95): CBaseController->renderInternal('/Users/sanmao/s...', Array, true)
#15 /Users/sanmao/sscf/framework/web/CController.php(869): CBaseController->renderFile('/Users/sanmao/s...', Array, true)
#16 /Users/sanmao/sscf/framework/web/CController.php(782): CController->renderPartial('index', Array, true)
#17 /Users/sanmao/sscf/protected/controllers/OrgController.php(175): CController->render('index', Array)
#18 /Users/sanmao/sscf/framework/web/actions/CInlineAction.php(49): OrgController->actionIndex()
#19 /Users/sanmao/sscf/framework/web/CController.php(308): CInlineAction->runWithParams(Array)
#20 /Users/sanmao/sscf/framework/web/filters/CFilterChain.php(133): CController->runAction(Object(CInlineAction))
#21 /Users/sanmao/sscf/framework/web/filters/CFilter.php(40): CFilterChain->run()
#22 /Users/sanmao/sscf/framework/web/CController.php(1145): CFilter->filter(Object(CFilterChain))
#23 /Users/sanmao/sscf/framework/web/filters/CInlineFilter.php(58): CController->filterAccessControl(Object(CFilterChain))
#24 /Users/sanmao/sscf/framework/web/filters/CFilterChain.php(130): CInlineFilter->filter(Object(CFilterChain))
#25 /Users/sanmao/sscf/framework/web/CController.php(291): CFilterChain->run()
#26 /Users/sanmao/sscf/framework/web/CController.php(265): CController->runActionWithFilters(Object(CInlineAction), Array)
#27 /Users/sanmao/sscf/framework/web/CWebApplication.php(282): CController->run('index')
#28 /Users/sanmao/sscf/framework/web/CWebApplication.php(141): CWebApplication->runController('org/index')
#29 /Users/sanmao/sscf/framework/base/CApplication.php(169): CWebApplication->processRequest()
#30 /Users/sanmao/sscf/index.php(13): CApplication->run()
#31 {main}
REQUEST_URI=/org/index
HTTP_REFERER=http://seastar.local/org/create
---
2014/09/05 11:21:12 [error] [exception.CException] exception 'CException' with message '属性 "OrgController.type" 未被定义.' in /Users/sanmao/sscf/framework/base/CComponent.php:130
Stack trace:
#0 /Users/sanmao/sscf/protected/views/org/view.php(62): CComponent->__get('type')
#1 /Users/sanmao/sscf/framework/web/CBaseController.php(126): require('/Users/sanmao/s...')
#2 /Users/sanmao/sscf/framework/web/CBaseController.php(95): CBaseController->renderInternal('/Users/sanmao/s...', Array, true)
#3 /Users/sanmao/sscf/framework/web/CController.php(869): CBaseController->renderFile('/Users/sanmao/s...', Array, true)
#4 /Users/sanmao/sscf/framework/web/CController.php(782): CController->renderPartial('view', Array, true)
#5 /Users/sanmao/sscf/protected/controllers/OrgController.php(64): CController->render('view', Array)
#6 [internal function]: OrgController->actionView('1')
#7 /Users/sanmao/sscf/framework/web/actions/CAction.php(108): ReflectionMethod->invokeArgs(Object(OrgController), Array)
#8 /Users/sanmao/sscf/framework/web/actions/CInlineAction.php(47): CAction->runWithParamsInternal(Object(OrgController), Object(ReflectionMethod), Array)
#9 /Users/sanmao/sscf/framework/web/CController.php(308): CInlineAction->runWithParams(Array)
#10 /Users/sanmao/sscf/framework/web/filters/CFilterChain.php(133): CController->runAction(Object(CInlineAction))
#11 /Users/sanmao/sscf/framework/web/filters/CFilter.php(40): CFilterChain->run()
#12 /Users/sanmao/sscf/framework/web/CController.php(1145): CFilter->filter(Object(CFilterChain))
#13 /Users/sanmao/sscf/framework/web/filters/CInlineFilter.php(58): CController->filterAccessControl(Object(CFilterChain))
#14 /Users/sanmao/sscf/framework/web/filters/CFilterChain.php(130): CInlineFilter->filter(Object(CFilterChain))
#15 /Users/sanmao/sscf/framework/web/CController.php(291): CFilterChain->run()
#16 /Users/sanmao/sscf/framework/web/CController.php(265): CController->runActionWithFilters(Object(CInlineAction), Array)
#17 /Users/sanmao/sscf/framework/web/CWebApplication.php(282): CController->run('view')
#18 /Users/sanmao/sscf/framework/web/CWebApplication.php(141): CWebApplication->runController('org/view')
#19 /Users/sanmao/sscf/framework/base/CApplication.php(169): CWebApplication->processRequest()
#20 /Users/sanmao/sscf/index.php(13): CApplication->run()
#21 {main}
REQUEST_URI=/org/1
HTTP_REFERER=http://seastar.local/org/index
---
2014/09/05 11:43:54 [warning] [application] Failed to set unsafe attribute "return" of "CaseFamily".
in /Users/sanmao/sscf/protected/controllers/CaseFamilyController.php (74)
in /Users/sanmao/sscf/index.php (13)
2014/09/05 11:44:17 [warning] [application] Failed to set unsafe attribute "return" of "CaseFamily".
in /Users/sanmao/sscf/protected/controllers/CaseFamilyController.php (74)
in /Users/sanmao/sscf/index.php (13)
2014/09/05 11:49:43 [warning] [application] Failed to set unsafe attribute "return" of "CaseFamily".
in /Users/sanmao/sscf/protected/controllers/CaseFamilyController.php (74)
in /Users/sanmao/sscf/index.php (13)
2014/09/05 12:23:43 [warning] [application] Failed to set unsafe attribute "return" of "CaseFamily".
in /Users/sanmao/sscf/protected/controllers/CaseFamilyController.php (74)
in /Users/sanmao/sscf/index.php (13)
2014/09/05 12:23:45 [warning] [application] Failed to set unsafe attribute "return" of "CaseFamily".
in /Users/sanmao/sscf/protected/controllers/CaseFamilyController.php (74)
in /Users/sanmao/sscf/index.php (13)
2014/09/05 12:23:47 [warning] [application] Failed to set unsafe attribute "return" of "CaseFamily".
in /Users/sanmao/sscf/protected/controllers/CaseFamilyController.php (74)
in /Users/sanmao/sscf/index.php (13)
2014/09/05 12:23:49 [warning] [application] Failed to set unsafe attribute "return" of "CaseFamily".
in /Users/sanmao/sscf/protected/controllers/CaseFamilyController.php (74)
in /Users/sanmao/sscf/index.php (13)
2014/09/05 12:24:00 [warning] [application] Failed to set unsafe attribute "return" of "CaseFamily".
in /Users/sanmao/sscf/protected/controllers/CaseFamilyController.php (74)
in /Users/sanmao/sscf/index.php (13)
2014/09/05 12:24:01 [warning] [application] Failed to set unsafe attribute "return" of "CaseFamily".
in /Users/sanmao/sscf/protected/controllers/CaseFamilyController.php (74)
in /Users/sanmao/sscf/index.php (13)
2014/09/05 12:24:03 [warning] [application] Failed to set unsafe attribute "return" of "CaseFamily".
in /Users/sanmao/sscf/protected/controllers/CaseFamilyController.php (74)
in /Users/sanmao/sscf/index.php (13)
2014/09/05 12:24:09 [warning] [application] Failed to set unsafe attribute "return" of "CaseFamily".
in /Users/sanmao/sscf/protected/controllers/CaseFamilyController.php (74)
in /Users/sanmao/sscf/index.php (13)
2014/09/05 12:24:15 [warning] [application] Failed to set unsafe attribute "return" of "CaseFamily".
in /Users/sanmao/sscf/protected/controllers/CaseFamilyController.php (74)
in /Users/sanmao/sscf/index.php (13)
2014/09/05 12:28:05 [warning] [application] Failed to set unsafe attribute "return" of "CaseFamily".
in /Users/sanmao/sscf/protected/controllers/CaseFamilyController.php (180)
in /Users/sanmao/sscf/protected/controllers/CaseFamilyController.php (67)
in /Users/sanmao/sscf/index.php (13)
2014/09/05 12:28:18 [warning] [application] Failed to set unsafe attribute "return" of "CaseFamily".
in /Users/sanmao/sscf/protected/controllers/CaseFamilyController.php (180)
in /Users/sanmao/sscf/protected/controllers/CaseFamilyController.php (67)
in /Users/sanmao/sscf/index.php (13)
2014/09/05 12:28:22 [warning] [application] Failed to set unsafe attribute "return" of "CaseFamily".
in /Users/sanmao/sscf/protected/controllers/CaseFamilyController.php (180)
in /Users/sanmao/sscf/protected/controllers/CaseFamilyController.php (67)
in /Users/sanmao/sscf/index.php (13)
2014/09/05 12:28:24 [warning] [application] Failed to set unsafe attribute "return" of "CaseFamily".
in /Users/sanmao/sscf/protected/controllers/CaseFamilyController.php (180)
in /Users/sanmao/sscf/protected/controllers/CaseFamilyController.php (67)
in /Users/sanmao/sscf/index.php (13)
2014/09/05 12:28:41 [warning] [application] Failed to set unsafe attribute "return" of "CaseFamily".
in /Users/sanmao/sscf/protected/controllers/CaseFamilyController.php (180)
in /Users/sanmao/sscf/protected/controllers/CaseFamilyController.php (67)
in /Users/sanmao/sscf/index.php (13)
2014/09/05 12:28:46 [warning] [application] Failed to set unsafe attribute "return" of "CaseFamily".
in /Users/sanmao/sscf/protected/controllers/CaseFamilyController.php (180)
in /Users/sanmao/sscf/protected/controllers/CaseFamilyController.php (67)
in /Users/sanmao/sscf/index.php (13)
2014/09/05 12:28:48 [warning] [application] Failed to set unsafe attribute "return" of "CaseFamily".
in /Users/sanmao/sscf/protected/controllers/CaseFamilyController.php (180)
in /Users/sanmao/sscf/protected/controllers/CaseFamilyController.php (67)
in /Users/sanmao/sscf/index.php (13)
2014/09/05 12:28:48 [warning] [application] Failed to set unsafe attribute "return" of "CaseFamily".
in /Users/sanmao/sscf/protected/controllers/CaseFamilyController.php (74)
in /Users/sanmao/sscf/index.php (13)
2014/09/05 12:31:20 [warning] [application] Failed to set unsafe attribute "return" of "CaseFamily".
in /Users/sanmao/sscf/protected/controllers/CaseFamilyController.php (180)
in /Users/sanmao/sscf/protected/controllers/CaseFamilyController.php (67)
in /Users/sanmao/sscf/index.php (13)
2014/09/05 12:31:23 [warning] [application] Failed to set unsafe attribute "return" of "CaseFamily".
in /Users/sanmao/sscf/protected/controllers/CaseFamilyController.php (180)
in /Users/sanmao/sscf/protected/controllers/CaseFamilyController.php (67)
in /Users/sanmao/sscf/index.php (13)
2014/09/05 12:31:28 [warning] [application] Failed to set unsafe attribute "return" of "CaseFamily".
in /Users/sanmao/sscf/protected/controllers/CaseFamilyController.php (180)
in /Users/sanmao/sscf/protected/controllers/CaseFamilyController.php (67)
in /Users/sanmao/sscf/index.php (13)
2014/09/05 12:31:29 [warning] [application] Failed to set unsafe attribute "return" of "CaseFamily".
in /Users/sanmao/sscf/protected/controllers/CaseFamilyController.php (180)
in /Users/sanmao/sscf/protected/controllers/CaseFamilyController.php (67)
in /Users/sanmao/sscf/index.php (13)
2014/09/05 13:54:32 [error] [exception.CHttpException.404] exception 'CHttpException' with message '无法解析请求 "uploads/case//MA Wenbo 马文博/Family Background/Photo 2-8-14 16 27 24.jpg"。' in /Users/sanmao/sscf/framework/web/CWebApplication.php:286
Stack trace:
#0 /Users/sanmao/sscf/framework/web/CWebApplication.php(141): CWebApplication->runController('uploads/case//M...')
#1 /Users/sanmao/sscf/framework/base/CApplication.php(169): CWebApplication->processRequest()
#2 /Users/sanmao/sscf/index.php(13): CApplication->run()
#3 {main}
REQUEST_URI=/uploads/case//MA%20Wenbo%20%E9%A9%AC%E6%96%87%E5%8D%9A/Family%20Background/Photo%202-8-14%2016%2027%2024.jpg
HTTP_REFERER=http://seastar.local/childcase/update/43?flag=fbg
---
2014/09/05 13:55:27 [error] [exception.CHttpException.404] exception 'CHttpException' with message '无法解析请求 "uploads/case//MA Wenbo 马文博/Family Background/Photo 2-8-14 16 27 24.jpg"。' in /Users/sanmao/sscf/framework/web/CWebApplication.php:286
Stack trace:
#0 /Users/sanmao/sscf/framework/web/CWebApplication.php(141): CWebApplication->runController('uploads/case//M...')
#1 /Users/sanmao/sscf/framework/base/CApplication.php(169): CWebApplication->processRequest()
#2 /Users/sanmao/sscf/index.php(13): CApplication->run()
#3 {main}
REQUEST_URI=/uploads/case//MA%20Wenbo%20%E9%A9%AC%E6%96%87%E5%8D%9A/Family%20Background/Photo%202-8-14%2016%2027%2024.jpg
HTTP_REFERER=http://seastar.local/childcase/update/43?flag=fbg
---
2014/09/05 18:32:41 [error] [php] fopen(/Users/sanmao/sscfuploads/case/SONG Xiaowen 宋晓文/SONG Xiaowen Medical Assessment20140707.docx): failed to open stream: No such file or directory (/Users/sanmao/sscf/protected/views/childcase/view.php:246)
Stack trace:
#0 /Users/sanmao/sscf/framework/web/CBaseController.php(95): ChildcaseController->renderInternal()
#1 /Users/sanmao/sscf/framework/web/CController.php(869): ChildcaseController->renderFile()
#2 /Users/sanmao/sscf/framework/web/CController.php(782): ChildcaseController->renderPartial()
#3 /Users/sanmao/sscf/protected/controllers/ChildcaseController.php(55): ChildcaseController->render()
#4 unknown(0): ChildcaseController->actionView()
#5 /Users/sanmao/sscf/framework/web/actions/CAction.php(108): ReflectionMethod->invokeArgs()
#6 /Users/sanmao/sscf/framework/web/actions/CInlineAction.php(47): CInlineAction->runWithParamsInternal()
#7 /Users/sanmao/sscf/framework/web/CController.php(308): CInlineAction->runWithParams()
#8 /Users/sanmao/sscf/framework/web/filters/CFilterChain.php(133): ChildcaseController->runAction()
#9 /Users/sanmao/sscf/framework/web/filters/CFilter.php(40): CFilterChain->run()
#10 /Users/sanmao/sscf/framework/web/CController.php(1145): CAccessControlFilter->filter()
#11 /Users/sanmao/sscf/framework/web/filters/CInlineFilter.php(58): ChildcaseController->filterAccessControl()
#12 /Users/sanmao/sscf/framework/web/filters/CFilterChain.php(130): CInlineFilter->filter()
#13 /Users/sanmao/sscf/framework/web/CController.php(291): CFilterChain->run()
#14 /Users/sanmao/sscf/framework/web/CController.php(265): ChildcaseController->runActionWithFilters()
#15 /Users/sanmao/sscf/framework/web/CWebApplication.php(282): ChildcaseController->run()
#16 /Users/sanmao/sscf/framework/web/CWebApplication.php(141): CWebApplication->runController()
#17 /Users/sanmao/sscf/framework/base/CApplication.php(169): CWebApplication->processRequest()
#18 /Users/sanmao/sscf/index.php(13): CWebApplication->run()
REQUEST_URI=/childcase/43
in /Users/sanmao/sscf/protected/views/childcase/view.php (246)
in /Users/sanmao/sscf/protected/controllers/ChildcaseController.php (55)
in /Users/sanmao/sscf/index.php (13)
2014/09/05 18:32:51 [error] [php] fopen(/Users/sanmao/sscf/uploads/case/SONG Xiaowen 宋晓文/SONG Xiaowen Medical Assessment20140707.docx): failed to open stream: No such file or directory (/Users/sanmao/sscf/protected/views/childcase/view.php:246)
Stack trace:
#0 /Users/sanmao/sscf/framework/web/CBaseController.php(95): ChildcaseController->renderInternal()
#1 /Users/sanmao/sscf/framework/web/CController.php(869): ChildcaseController->renderFile()
#2 /Users/sanmao/sscf/framework/web/CController.php(782): ChildcaseController->renderPartial()
#3 /Users/sanmao/sscf/protected/controllers/ChildcaseController.php(55): ChildcaseController->render()
#4 unknown(0): ChildcaseController->actionView()
#5 /Users/sanmao/sscf/framework/web/actions/CAction.php(108): ReflectionMethod->invokeArgs()
#6 /Users/sanmao/sscf/framework/web/actions/CInlineAction.php(47): CInlineAction->runWithParamsInternal()
#7 /Users/sanmao/sscf/framework/web/CController.php(308): CInlineAction->runWithParams()
#8 /Users/sanmao/sscf/framework/web/filters/CFilterChain.php(133): ChildcaseController->runAction()
#9 /Users/sanmao/sscf/framework/web/filters/CFilter.php(40): CFilterChain->run()
#10 /Users/sanmao/sscf/framework/web/CController.php(1145): CAccessControlFilter->filter()
#11 /Users/sanmao/sscf/framework/web/filters/CInlineFilter.php(58): ChildcaseController->filterAccessControl()
#12 /Users/sanmao/sscf/framework/web/filters/CFilterChain.php(130): CInlineFilter->filter()
#13 /Users/sanmao/sscf/framework/web/CController.php(291): CFilterChain->run()
#14 /Users/sanmao/sscf/framework/web/CController.php(265): ChildcaseController->runActionWithFilters()
#15 /Users/sanmao/sscf/framework/web/CWebApplication.php(282): ChildcaseController->run()
#16 /Users/sanmao/sscf/framework/web/CWebApplication.php(141): CWebApplication->runController()
#17 /Users/sanmao/sscf/framework/base/CApplication.php(169): CWebApplication->processRequest()
#18 /Users/sanmao/sscf/index.php(13): CWebApplication->run()
REQUEST_URI=/childcase/43
in /Users/sanmao/sscf/protected/views/childcase/view.php (246)
in /Users/sanmao/sscf/protected/controllers/ChildcaseController.php (55)
in /Users/sanmao/sscf/index.php (13)
2014/09/05 20:22:38 [error] [exception.CHttpException.404] exception 'CHttpException' with message '无法解析请求 "favicon.ico"。' in /Users/sanmao/sscf/framework/web/CWebApplication.php:286
Stack trace:
#0 /Users/sanmao/sscf/framework/web/CWebApplication.php(141): CWebApplication->runController('favicon.ico')
#1 /Users/sanmao/sscf/framework/base/CApplication.php(169): CWebApplication->processRequest()
#2 /Users/sanmao/sscf/index.php(13): CApplication->run()
#3 {main}
REQUEST_URI=/favicon.ico
---
2014/09/05 20:47:09 [error] [php] Trying to get property of non-object (/Users/sanmao/sscf/protected/views/childcase/_view.php:12)
Stack trace:
#0 /Users/sanmao/sscf/framework/web/CController.php(869): ChildcaseController->renderFile()
#1 /Users/sanmao/sscf/protected/extensions/bootstrap/widgets/TbListView.php(48): ChildcaseController->renderPartial()
#2 /Users/sanmao/sscf/framework/zii/widgets/CBaseListView.php(160): TbListView->renderItems()
#3 unknown(0): TbListView->renderSection()
#4 /Users/sanmao/sscf/framework/zii/widgets/CBaseListView.php(143): preg_replace_callback()
#5 /Users/sanmao/sscf/framework/zii/widgets/CBaseListView.php(128): TbListView->renderContent()
#6 /Users/sanmao/sscf/framework/web/CBaseController.php(173): TbListView->run()
#7 /Users/sanmao/sscf/protected/views/childcase/index.php(52): ChildcaseController->widget()
#8 /Users/sanmao/sscf/framework/web/CBaseController.php(126): require()
#9 /Users/sanmao/sscf/framework/web/CBaseController.php(95): ChildcaseController->renderInternal()
#10 /Users/sanmao/sscf/framework/web/CController.php(869): ChildcaseController->renderFile()
#11 /Users/sanmao/sscf/framework/web/CController.php(782): ChildcaseController->renderPartial()
#12 /Users/sanmao/sscf/protected/controllers/ChildcaseController.php(222): ChildcaseController->render()
#13 /Users/sanmao/sscf/framework/web/actions/CInlineAction.php(49): ChildcaseController->actionIndex()
#14 /Users/sanmao/sscf/framework/web/CController.php(308): CInlineAction->runWithParams()
#15 /Users/sanmao/sscf/framework/web/filters/CFilterChain.php(133): ChildcaseController->runAction()
#16 /Users/sanmao/sscf/framework/web/filters/CFilter.php(40): CFilterChain->run()
#17 /Users/sanmao/sscf/framework/web/CController.php(1145): CAccessControlFilter->filter()
#18 /Users/sanmao/sscf/framework/web/filters/CInlineFilter.php(58): ChildcaseController->filterAccessControl()
#19 /Users/sanmao/sscf/framework/web/filters/CFilterChain.php(130): CInlineFilter->filter()
#20 /Users/sanmao/sscf/framework/web/CController.php(291): CFilterChain->run()
#21 /Users/sanmao/sscf/framework/web/CController.php(265): ChildcaseController->runActionWithFilters()
#22 /Users/sanmao/sscf/framework/web/CWebApplication.php(282): ChildcaseController->run()
#23 /Users/sanmao/sscf/framework/web/CWebApplication.php(141): CWebApplication->runController()
#24 /Users/sanmao/sscf/framework/base/CApplication.php(169): CWebApplication->processRequest()
#25 /Users/sanmao/sscf/index.php(13): CWebApplication->run()
REQUEST_URI=/childcase/
in /Users/sanmao/sscf/protected/views/childcase/_view.php (12)
in /Users/sanmao/sscf/protected/extensions/bootstrap/widgets/TbListView.php (48)
in /Users/sanmao/sscf/protected/views/childcase/index.php (52)
2014/09/05 20:47:15 [error] [php] Trying to get property of non-object (/Users/sanmao/sscf/protected/views/childcase/_view.php:12)
Stack trace:
#0 /Users/sanmao/sscf/framework/web/CController.php(869): ChildcaseController->renderFile()
#1 /Users/sanmao/sscf/protected/extensions/bootstrap/widgets/TbListView.php(48): ChildcaseController->renderPartial()
#2 /Users/sanmao/sscf/framework/zii/widgets/CBaseListView.php(160): TbListView->renderItems()
#3 unknown(0): TbListView->renderSection()
#4 /Users/sanmao/sscf/framework/zii/widgets/CBaseListView.php(143): preg_replace_callback()
#5 /Users/sanmao/sscf/framework/zii/widgets/CBaseListView.php(128): TbListView->renderContent()
#6 /Users/sanmao/sscf/framework/web/CBaseController.php(173): TbListView->run()
#7 /Users/sanmao/sscf/protected/views/childcase/index.php(52): ChildcaseController->widget()
#8 /Users/sanmao/sscf/framework/web/CBaseController.php(126): require()
#9 /Users/sanmao/sscf/framework/web/CBaseController.php(95): ChildcaseController->renderInternal()
#10 /Users/sanmao/sscf/framework/web/CController.php(869): ChildcaseController->renderFile()
#11 /Users/sanmao/sscf/framework/web/CController.php(782): ChildcaseController->renderPartial()
#12 /Users/sanmao/sscf/protected/controllers/ChildcaseController.php(222): ChildcaseController->render()
#13 /Users/sanmao/sscf/framework/web/actions/CInlineAction.php(49): ChildcaseController->actionIndex()
#14 /Users/sanmao/sscf/framework/web/CController.php(308): CInlineAction->runWithParams()
#15 /Users/sanmao/sscf/framework/web/filters/CFilterChain.php(133): ChildcaseController->runAction()
#16 /Users/sanmao/sscf/framework/web/filters/CFilter.php(40): CFilterChain->run()
#17 /Users/sanmao/sscf/framework/web/CController.php(1145): CAccessControlFilter->filter()
#18 /Users/sanmao/sscf/framework/web/filters/CInlineFilter.php(58): ChildcaseController->filterAccessControl()
#19 /Users/sanmao/sscf/framework/web/filters/CFilterChain.php(130): CInlineFilter->filter()
#20 /Users/sanmao/sscf/framework/web/CController.php(291): CFilterChain->run()
#21 /Users/sanmao/sscf/framework/web/CController.php(265): ChildcaseController->runActionWithFilters()
#22 /Users/sanmao/sscf/framework/web/CWebApplication.php(282): ChildcaseController->run()
#23 /Users/sanmao/sscf/framework/web/CWebApplication.php(141): CWebApplication->runController()
#24 /Users/sanmao/sscf/framework/base/CApplication.php(169): CWebApplication->processRequest()
#25 /Users/sanmao/sscf/index.php(13): CWebApplication->run()
REQUEST_URI=/childcase/
in /Users/sanmao/sscf/protected/views/childcase/_view.php (12)
in /Users/sanmao/sscf/protected/extensions/bootstrap/widgets/TbListView.php (48)
in /Users/sanmao/sscf/protected/views/childcase/index.php (52)
2014/09/05 20:47:20 [error] [php] Trying to get property of non-object (/Users/sanmao/sscf/protected/views/childcase/_view.php:12)
Stack trace:
#0 /Users/sanmao/sscf/framework/web/CController.php(869): ChildcaseController->renderFile()
#1 /Users/sanmao/sscf/protected/extensions/bootstrap/widgets/TbListView.php(48): ChildcaseController->renderPartial()
#2 /Users/sanmao/sscf/framework/zii/widgets/CBaseListView.php(160): TbListView->renderItems()
#3 unknown(0): TbListView->renderSection()
#4 /Users/sanmao/sscf/framework/zii/widgets/CBaseListView.php(143): preg_replace_callback()
#5 /Users/sanmao/sscf/framework/zii/widgets/CBaseListView.php(128): TbListView->renderContent()
#6 /Users/sanmao/sscf/framework/web/CBaseController.php(173): TbListView->run()
#7 /Users/sanmao/sscf/protected/views/childcase/index.php(52): ChildcaseController->widget()
#8 /Users/sanmao/sscf/framework/web/CBaseController.php(126): require()
#9 /Users/sanmao/sscf/framework/web/CBaseController.php(95): ChildcaseController->renderInternal()
#10 /Users/sanmao/sscf/framework/web/CController.php(869): ChildcaseController->renderFile()
#11 /Users/sanmao/sscf/framework/web/CController.php(782): ChildcaseController->renderPartial()
#12 /Users/sanmao/sscf/protected/controllers/ChildcaseController.php(222): ChildcaseController->render()
#13 /Users/sanmao/sscf/framework/web/actions/CInlineAction.php(49): ChildcaseController->actionIndex()
#14 /Users/sanmao/sscf/framework/web/CController.php(308): CInlineAction->runWithParams()
#15 /Users/sanmao/sscf/framework/web/filters/CFilterChain.php(133): ChildcaseController->runAction()
#16 /Users/sanmao/sscf/framework/web/filters/CFilter.php(40): CFilterChain->run()
#17 /Users/sanmao/sscf/framework/web/CController.php(1145): CAccessControlFilter->filter()
#18 /Users/sanmao/sscf/framework/web/filters/CInlineFilter.php(58): ChildcaseController->filterAccessControl()
#19 /Users/sanmao/sscf/framework/web/filters/CFilterChain.php(130): CInlineFilter->filter()
#20 /Users/sanmao/sscf/framework/web/CController.php(291): CFilterChain->run()
#21 /Users/sanmao/sscf/framework/web/CController.php(265): ChildcaseController->runActionWithFilters()
#22 /Users/sanmao/sscf/framework/web/CWebApplication.php(282): ChildcaseController->run()
#23 /Users/sanmao/sscf/framework/web/CWebApplication.php(141): CWebApplication->runController()
#24 /Users/sanmao/sscf/framework/base/CApplication.php(169): CWebApplication->processRequest()
#25 /Users/sanmao/sscf/index.php(13): CWebApplication->run()
REQUEST_URI=/childcase
in /Users/sanmao/sscf/protected/views/childcase/_view.php (12)
in /Users/sanmao/sscf/protected/extensions/bootstrap/widgets/TbListView.php (48)
in /Users/sanmao/sscf/protected/views/childcase/index.php (52)
2014/09/05 20:47:24 [error] [php] Trying to get property of non-object (/Users/sanmao/sscf/protected/views/childcase/_view.php:12)
Stack trace:
#0 /Users/sanmao/sscf/framework/web/CController.php(869): ChildcaseController->renderFile()
#1 /Users/sanmao/sscf/protected/extensions/bootstrap/widgets/TbListView.php(48): ChildcaseController->renderPartial()
#2 /Users/sanmao/sscf/framework/zii/widgets/CBaseListView.php(160): TbListView->renderItems()
#3 unknown(0): TbListView->renderSection()
#4 /Users/sanmao/sscf/framework/zii/widgets/CBaseListView.php(143): preg_replace_callback()
#5 /Users/sanmao/sscf/framework/zii/widgets/CBaseListView.php(128): TbListView->renderContent()
#6 /Users/sanmao/sscf/framework/web/CBaseController.php(173): TbListView->run()
#7 /Users/sanmao/sscf/protected/views/childcase/index.php(52): ChildcaseController->widget()
#8 /Users/sanmao/sscf/framework/web/CBaseController.php(126): require()
#9 /Users/sanmao/sscf/framework/web/CBaseController.php(95): ChildcaseController->renderInternal()
#10 /Users/sanmao/sscf/framework/web/CController.php(869): ChildcaseController->renderFile()
#11 /Users/sanmao/sscf/framework/web/CController.php(782): ChildcaseController->renderPartial()
#12 /Users/sanmao/sscf/protected/controllers/ChildcaseController.php(222): ChildcaseController->render()
#13 /Users/sanmao/sscf/framework/web/actions/CInlineAction.php(49): ChildcaseController->actionIndex()
#14 /Users/sanmao/sscf/framework/web/CController.php(308): CInlineAction->runWithParams()
#15 /Users/sanmao/sscf/framework/web/filters/CFilterChain.php(133): ChildcaseController->runAction()
#16 /Users/sanmao/sscf/framework/web/filters/CFilter.php(40): CFilterChain->run()
#17 /Users/sanmao/sscf/framework/web/CController.php(1145): CAccessControlFilter->filter()
#18 /Users/sanmao/sscf/framework/web/filters/CInlineFilter.php(58): ChildcaseController->filterAccessControl()
#19 /Users/sanmao/sscf/framework/web/filters/CFilterChain.php(130): CInlineFilter->filter()
#20 /Users/sanmao/sscf/framework/web/CController.php(291): CFilterChain->run()
#21 /Users/sanmao/sscf/framework/web/CController.php(265): ChildcaseController->runActionWithFilters()
#22 /Users/sanmao/sscf/framework/web/CWebApplication.php(282): ChildcaseController->run()
#23 /Users/sanmao/sscf/framework/web/CWebApplication.php(141): CWebApplication->runController()
#24 /Users/sanmao/sscf/framework/base/CApplication.php(169): CWebApplication->processRequest()
#25 /Users/sanmao/sscf/index.php(13): CWebApplication->run()
REQUEST_URI=/childcase/index
in /Users/sanmao/sscf/protected/views/childcase/_view.php (12)
in /Users/sanmao/sscf/protected/extensions/bootstrap/widgets/TbListView.php (48)
in /Users/sanmao/sscf/protected/views/childcase/index.php (52)
2014/09/05 20:47:30 [error] [php] Trying to get property of non-object (/Users/sanmao/sscf/protected/views/childcase/_view.php:12)
Stack trace:
#0 /Users/sanmao/sscf/framework/web/CController.php(869): ChildcaseController->renderFile()
#1 /Users/sanmao/sscf/protected/extensions/bootstrap/widgets/TbListView.php(48): ChildcaseController->renderPartial()
#2 /Users/sanmao/sscf/framework/zii/widgets/CBaseListView.php(160): TbListView->renderItems()
#3 unknown(0): TbListView->renderSection()
#4 /Users/sanmao/sscf/framework/zii/widgets/CBaseListView.php(143): preg_replace_callback()
#5 /Users/sanmao/sscf/framework/zii/widgets/CBaseListView.php(128): TbListView->renderContent()
#6 /Users/sanmao/sscf/framework/web/CBaseController.php(173): TbListView->run()
#7 /Users/sanmao/sscf/protected/views/childcase/index.php(52): ChildcaseController->widget()
#8 /Users/sanmao/sscf/framework/web/CBaseController.php(126): require()
#9 /Users/sanmao/sscf/framework/web/CBaseController.php(95): ChildcaseController->renderInternal()
#10 /Users/sanmao/sscf/framework/web/CController.php(869): ChildcaseController->renderFile()
#11 /Users/sanmao/sscf/framework/web/CController.php(782): ChildcaseController->renderPartial()
#12 /Users/sanmao/sscf/protected/controllers/ChildcaseController.php(222): ChildcaseController->render()
#13 /Users/sanmao/sscf/framework/web/actions/CInlineAction.php(49): ChildcaseController->actionIndex()
#14 /Users/sanmao/sscf/framework/web/CController.php(308): CInlineAction->runWithParams()
#15 /Users/sanmao/sscf/framework/web/filters/CFilterChain.php(133): ChildcaseController->runAction()
#16 /Users/sanmao/sscf/framework/web/filters/CFilter.php(40): CFilterChain->run()
#17 /Users/sanmao/sscf/framework/web/CController.php(1145): CAccessControlFilter->filter()
#18 /Users/sanmao/sscf/framework/web/filters/CInlineFilter.php(58): ChildcaseController->filterAccessControl()
#19 /Users/sanmao/sscf/framework/web/filters/CFilterChain.php(130): CInlineFilter->filter()
#20 /Users/sanmao/sscf/framework/web/CController.php(291): CFilterChain->run()
#21 /Users/sanmao/sscf/framework/web/CController.php(265): ChildcaseController->runActionWithFilters()
#22 /Users/sanmao/sscf/framework/web/CWebApplication.php(282): ChildcaseController->run()
#23 /Users/sanmao/sscf/framework/web/CWebApplication.php(141): CWebApplication->runController()
#24 /Users/sanmao/sscf/framework/base/CApplication.php(169): CWebApplication->processRequest()
#25 /Users/sanmao/sscf/index.php(13): CWebApplication->run()
REQUEST_URI=/childcase/index
in /Users/sanmao/sscf/protected/views/childcase/_view.php (12)
in /Users/sanmao/sscf/protected/extensions/bootstrap/widgets/TbListView.php (48)
in /Users/sanmao/sscf/protected/views/childcase/index.php (52)
2014/09/05 20:48:45 [error] [php] Trying to get property of non-object (/Users/sanmao/sscf/protected/views/childcase/view.php:27)
Stack trace:
#0 /Users/sanmao/sscf/framework/web/CController.php(869): ChildcaseController->renderFile()
#1 /Users/sanmao/sscf/framework/web/CController.php(782): ChildcaseController->renderPartial()
#2 /Users/sanmao/sscf/protected/controllers/ChildcaseController.php(55): ChildcaseController->render()
#3 unknown(0): ChildcaseController->actionView()
#4 /Users/sanmao/sscf/framework/web/actions/CAction.php(108): ReflectionMethod->invokeArgs()
#5 /Users/sanmao/sscf/framework/web/actions/CInlineAction.php(47): CInlineAction->runWithParamsInternal()
#6 /Users/sanmao/sscf/framework/web/CController.php(308): CInlineAction->runWithParams()
#7 /Users/sanmao/sscf/framework/web/filters/CFilterChain.php(133): ChildcaseController->runAction()
#8 /Users/sanmao/sscf/framework/web/filters/CFilter.php(40): CFilterChain->run()
#9 /Users/sanmao/sscf/framework/web/CController.php(1145): CAccessControlFilter->filter()
#10 /Users/sanmao/sscf/framework/web/filters/CInlineFilter.php(58): ChildcaseController->filterAccessControl()
#11 /Users/sanmao/sscf/framework/web/filters/CFilterChain.php(130): CInlineFilter->filter()
#12 /Users/sanmao/sscf/framework/web/CController.php(291): CFilterChain->run()
#13 /Users/sanmao/sscf/framework/web/CController.php(265): ChildcaseController->runActionWithFilters()
#14 /Users/sanmao/sscf/framework/web/CWebApplication.php(282): ChildcaseController->run()
#15 /Users/sanmao/sscf/framework/web/CWebApplication.php(141): CWebApplication->runController()
#16 /Users/sanmao/sscf/framework/base/CApplication.php(169): CWebApplication->processRequest()
#17 /Users/sanmao/sscf/index.php(13): CWebApplication->run()
REQUEST_URI=/childcase/42
in /Users/sanmao/sscf/protected/views/childcase/view.php (27)
in /Users/sanmao/sscf/protected/controllers/ChildcaseController.php (55)
in /Users/sanmao/sscf/index.php (13)
2014/09/05 20:48:49 [error] [php] Trying to get property of non-object (/Users/sanmao/sscf/protected/views/childcase/view.php:27)
Stack trace:
#0 /Users/sanmao/sscf/framework/web/CController.php(869): ChildcaseController->renderFile()
#1 /Users/sanmao/sscf/framework/web/CController.php(782): ChildcaseController->renderPartial()
#2 /Users/sanmao/sscf/protected/controllers/ChildcaseController.php(55): ChildcaseController->render()
#3 unknown(0): ChildcaseController->actionView()
#4 /Users/sanmao/sscf/framework/web/actions/CAction.php(108): ReflectionMethod->invokeArgs()
#5 /Users/sanmao/sscf/framework/web/actions/CInlineAction.php(47): CInlineAction->runWithParamsInternal()
#6 /Users/sanmao/sscf/framework/web/CController.php(308): CInlineAction->runWithParams()
#7 /Users/sanmao/sscf/framework/web/filters/CFilterChain.php(133): ChildcaseController->runAction()
#8 /Users/sanmao/sscf/framework/web/filters/CFilter.php(40): CFilterChain->run()
#9 /Users/sanmao/sscf/framework/web/CController.php(1145): CAccessControlFilter->filter()
#10 /Users/sanmao/sscf/framework/web/filters/CInlineFilter.php(58): ChildcaseController->filterAccessControl()
#11 /Users/sanmao/sscf/framework/web/filters/CFilterChain.php(130): CInlineFilter->filter()
#12 /Users/sanmao/sscf/framework/web/CController.php(291): CFilterChain->run()
#13 /Users/sanmao/sscf/framework/web/CController.php(265): ChildcaseController->runActionWithFilters()
#14 /Users/sanmao/sscf/framework/web/CWebApplication.php(282): ChildcaseController->run()
#15 /Users/sanmao/sscf/framework/web/CWebApplication.php(141): CWebApplication->runController()
#16 /Users/sanmao/sscf/framework/base/CApplication.php(169): CWebApplication->processRequest()
#17 /Users/sanmao/sscf/index.php(13): CWebApplication->run()
REQUEST_URI=/childcase/42
in /Users/sanmao/sscf/protected/views/childcase/view.php (27)
in /Users/sanmao/sscf/protected/controllers/ChildcaseController.php (55)
in /Users/sanmao/sscf/index.php (13)
2014/09/05 20:49:51 [error] [php] Trying to get property of non-object (/Users/sanmao/sscf/protected/views/childcase/view.php:27)
Stack trace:
#0 /Users/sanmao/sscf/framework/web/CController.php(869): ChildcaseController->renderFile()
#1 /Users/sanmao/sscf/framework/web/CController.php(782): ChildcaseController->renderPartial()
#2 /Users/sanmao/sscf/protected/controllers/ChildcaseController.php(55): ChildcaseController->render()
#3 unknown(0): ChildcaseController->actionView()
#4 /Users/sanmao/sscf/framework/web/actions/CAction.php(108): ReflectionMethod->invokeArgs()
#5 /Users/sanmao/sscf/framework/web/actions/CInlineAction.php(47): CInlineAction->runWithParamsInternal()
#6 /Users/sanmao/sscf/framework/web/CController.php(308): CInlineAction->runWithParams()
#7 /Users/sanmao/sscf/framework/web/filters/CFilterChain.php(133): ChildcaseController->runAction()
#8 /Users/sanmao/sscf/framework/web/filters/CFilter.php(40): CFilterChain->run()
#9 /Users/sanmao/sscf/framework/web/CController.php(1145): CAccessControlFilter->filter()
#10 /Users/sanmao/sscf/framework/web/filters/CInlineFilter.php(58): ChildcaseController->filterAccessControl()
#11 /Users/sanmao/sscf/framework/web/filters/CFilterChain.php(130): CInlineFilter->filter()
#12 /Users/sanmao/sscf/framework/web/CController.php(291): CFilterChain->run()
#13 /Users/sanmao/sscf/framework/web/CController.php(265): ChildcaseController->runActionWithFilters()
#14 /Users/sanmao/sscf/framework/web/CWebApplication.php(282): ChildcaseController->run()
#15 /Users/sanmao/sscf/framework/web/CWebApplication.php(141): CWebApplication->runController()
#16 /Users/sanmao/sscf/framework/base/CApplication.php(169): CWebApplication->processRequest()
#17 /Users/sanmao/sscf/index.php(13): CWebApplication->run()
REQUEST_URI=/childcase/42
in /Users/sanmao/sscf/protected/views/childcase/view.php (27)
in /Users/sanmao/sscf/protected/controllers/ChildcaseController.php (55)
in /Users/sanmao/sscf/index.php (13)
2014/09/05 20:50:11 [error] [php] mailparse_msg_parse_file() expects parameter 1 to be string, resource given (/Users/sanmao/sscf/protected/views/childcase/view.php:246)
Stack trace:
#0 /Users/sanmao/sscf/framework/web/CBaseController.php(95): ChildcaseController->renderInternal()
#1 /Users/sanmao/sscf/framework/web/CController.php(869): ChildcaseController->renderFile()
#2 /Users/sanmao/sscf/framework/web/CController.php(782): ChildcaseController->renderPartial()
#3 /Users/sanmao/sscf/protected/controllers/ChildcaseController.php(55): ChildcaseController->render()
#4 unknown(0): ChildcaseController->actionView()
#5 /Users/sanmao/sscf/framework/web/actions/CAction.php(108): ReflectionMethod->invokeArgs()
#6 /Users/sanmao/sscf/framework/web/actions/CInlineAction.php(47): CInlineAction->runWithParamsInternal()
#7 /Users/sanmao/sscf/framework/web/CController.php(308): CInlineAction->runWithParams()
#8 /Users/sanmao/sscf/framework/web/filters/CFilterChain.php(133): ChildcaseController->runAction()
#9 /Users/sanmao/sscf/framework/web/filters/CFilter.php(40): CFilterChain->run()
#10 /Users/sanmao/sscf/framework/web/CController.php(1145): CAccessControlFilter->filter()
#11 /Users/sanmao/sscf/framework/web/filters/CInlineFilter.php(58): ChildcaseController->filterAccessControl()
#12 /Users/sanmao/sscf/framework/web/filters/CFilterChain.php(130): CInlineFilter->filter()
#13 /Users/sanmao/sscf/framework/web/CController.php(291): CFilterChain->run()
#14 /Users/sanmao/sscf/framework/web/CController.php(265): ChildcaseController->runActionWithFilters()
#15 /Users/sanmao/sscf/framework/web/CWebApplication.php(282): ChildcaseController->run()
#16 /Users/sanmao/sscf/framework/web/CWebApplication.php(141): CWebApplication->runController()
#17 /Users/sanmao/sscf/framework/base/CApplication.php(169): CWebApplication->processRequest()
#18 /Users/sanmao/sscf/index.php(13): CWebApplication->run()
REQUEST_URI=/childcase/42
in /Users/sanmao/sscf/protected/views/childcase/view.php (246)
in /Users/sanmao/sscf/protected/controllers/ChildcaseController.php (55)
in /Users/sanmao/sscf/index.php (13)
2014/09/05 20:50:59 [error] [php] mailparse_msg_parse_file() expects parameter 1 to be string, resource given (/Users/sanmao/sscf/protected/views/childcase/view.php:247)
Stack trace:
#0 /Users/sanmao/sscf/framework/web/CBaseController.php(95): ChildcaseController->renderInternal()
#1 /Users/sanmao/sscf/framework/web/CController.php(869): ChildcaseController->renderFile()
#2 /Users/sanmao/sscf/framework/web/CController.php(782): ChildcaseController->renderPartial()
#3 /Users/sanmao/sscf/protected/controllers/ChildcaseController.php(55): ChildcaseController->render()
#4 unknown(0): ChildcaseController->actionView()
#5 /Users/sanmao/sscf/framework/web/actions/CAction.php(108): ReflectionMethod->invokeArgs()
#6 /Users/sanmao/sscf/framework/web/actions/CInlineAction.php(47): CInlineAction->runWithParamsInternal()
#7 /Users/sanmao/sscf/framework/web/CController.php(308): CInlineAction->runWithParams()
#8 /Users/sanmao/sscf/framework/web/filters/CFilterChain.php(133): ChildcaseController->runAction()
#9 /Users/sanmao/sscf/framework/web/filters/CFilter.php(40): CFilterChain->run()
#10 /Users/sanmao/sscf/framework/web/CController.php(1145): CAccessControlFilter->filter()
#11 /Users/sanmao/sscf/framework/web/filters/CInlineFilter.php(58): ChildcaseController->filterAccessControl()
#12 /Users/sanmao/sscf/framework/web/filters/CFilterChain.php(130): CInlineFilter->filter()
#13 /Users/sanmao/sscf/framework/web/CController.php(291): CFilterChain->run()
#14 /Users/sanmao/sscf/framework/web/CController.php(265): ChildcaseController->runActionWithFilters()
#15 /Users/sanmao/sscf/framework/web/CWebApplication.php(282): ChildcaseController->run()
#16 /Users/sanmao/sscf/framework/web/CWebApplication.php(141): CWebApplication->runController()
#17 /Users/sanmao/sscf/framework/base/CApplication.php(169): CWebApplication->processRequest()
#18 /Users/sanmao/sscf/index.php(13): CWebApplication->run()
REQUEST_URI=/childcase/42
in /Users/sanmao/sscf/protected/views/childcase/view.php (247)
in /Users/sanmao/sscf/protected/controllers/ChildcaseController.php (55)
in /Users/sanmao/sscf/index.php (13)
2014/09/05 20:51:56 [error] [php] mailparse_msg_get_structure(): supplied resource is not a valid mailparse_mail_structure resource (/Users/sanmao/sscf/protected/views/childcase/view.php:247)
Stack trace:
#0 /Users/sanmao/sscf/framework/web/CBaseController.php(95): ChildcaseController->renderInternal()
#1 /Users/sanmao/sscf/framework/web/CController.php(869): ChildcaseController->renderFile()
#2 /Users/sanmao/sscf/framework/web/CController.php(782): ChildcaseController->renderPartial()
#3 /Users/sanmao/sscf/protected/controllers/ChildcaseController.php(55): ChildcaseController->render()
#4 unknown(0): ChildcaseController->actionView()
#5 /Users/sanmao/sscf/framework/web/actions/CAction.php(108): ReflectionMethod->invokeArgs()
#6 /Users/sanmao/sscf/framework/web/actions/CInlineAction.php(47): CInlineAction->runWithParamsInternal()
#7 /Users/sanmao/sscf/framework/web/CController.php(308): CInlineAction->runWithParams()
#8 /Users/sanmao/sscf/framework/web/filters/CFilterChain.php(133): ChildcaseController->runAction()
#9 /Users/sanmao/sscf/framework/web/filters/CFilter.php(40): CFilterChain->run()
#10 /Users/sanmao/sscf/framework/web/CController.php(1145): CAccessControlFilter->filter()
#11 /Users/sanmao/sscf/framework/web/filters/CInlineFilter.php(58): ChildcaseController->filterAccessControl()
#12 /Users/sanmao/sscf/framework/web/filters/CFilterChain.php(130): CInlineFilter->filter()
#13 /Users/sanmao/sscf/framework/web/CController.php(291): CFilterChain->run()
#14 /Users/sanmao/sscf/framework/web/CController.php(265): ChildcaseController->runActionWithFilters()
#15 /Users/sanmao/sscf/framework/web/CWebApplication.php(282): ChildcaseController->run()
#16 /Users/sanmao/sscf/framework/web/CWebApplication.php(141): CWebApplication->runController()
#17 /Users/sanmao/sscf/framework/base/CApplication.php(169): CWebApplication->processRequest()
#18 /Users/sanmao/sscf/index.php(13): CWebApplication->run()
REQUEST_URI=/childcase/42
in /Users/sanmao/sscf/protected/views/childcase/view.php (247)
in /Users/sanmao/sscf/protected/controllers/ChildcaseController.php (55)
in /Users/sanmao/sscf/index.php (13)
2014/09/05 21:39:46 [error] [php] mailparse_msg_get_structure(): supplied resource is not a valid mailparse_mail_structure resource (/Users/sanmao/sscf/protected/views/childcase/view.php:247)
Stack trace:
#0 /Users/sanmao/sscf/framework/web/CBaseController.php(95): ChildcaseController->renderInternal()
#1 /Users/sanmao/sscf/framework/web/CController.php(869): ChildcaseController->renderFile()
#2 /Users/sanmao/sscf/framework/web/CController.php(782): ChildcaseController->renderPartial()
#3 /Users/sanmao/sscf/protected/controllers/ChildcaseController.php(55): ChildcaseController->render()
#4 unknown(0): ChildcaseController->actionView()
#5 /Users/sanmao/sscf/framework/web/actions/CAction.php(108): ReflectionMethod->invokeArgs()
#6 /Users/sanmao/sscf/framework/web/actions/CInlineAction.php(47): CInlineAction->runWithParamsInternal()
#7 /Users/sanmao/sscf/framework/web/CController.php(308): CInlineAction->runWithParams()
#8 /Users/sanmao/sscf/framework/web/filters/CFilterChain.php(133): ChildcaseController->runAction()
#9 /Users/sanmao/sscf/framework/web/filters/CFilter.php(40): CFilterChain->run()
#10 /Users/sanmao/sscf/framework/web/CController.php(1145): CAccessControlFilter->filter()
#11 /Users/sanmao/sscf/framework/web/filters/CInlineFilter.php(58): ChildcaseController->filterAccessControl()
#12 /Users/sanmao/sscf/framework/web/filters/CFilterChain.php(130): CInlineFilter->filter()
#13 /Users/sanmao/sscf/framework/web/CController.php(291): CFilterChain->run()
#14 /Users/sanmao/sscf/framework/web/CController.php(265): ChildcaseController->runActionWithFilters()
#15 /Users/sanmao/sscf/framework/web/CWebApplication.php(282): ChildcaseController->run()
#16 /Users/sanmao/sscf/framework/web/CWebApplication.php(141): CWebApplication->runController()
#17 /Users/sanmao/sscf/framework/base/CApplication.php(169): CWebApplication->processRequest()
#18 /Users/sanmao/sscf/index.php(13): CWebApplication->run()
REQUEST_URI=/childcase/44
in /Users/sanmao/sscf/protected/views/childcase/view.php (247)
in /Users/sanmao/sscf/protected/controllers/ChildcaseController.php (55)
in /Users/sanmao/sscf/index.php (13)
2014/09/05 21:41:15 [error] [php] mailparse_msg_get_structure(): supplied resource is not a valid mailparse_mail_structure resource (/Users/sanmao/sscf/protected/views/childcase/view.php:247)
Stack trace:
#0 /Users/sanmao/sscf/framework/web/CBaseController.php(95): ChildcaseController->renderInternal()
#1 /Users/sanmao/sscf/framework/web/CController.php(869): ChildcaseController->renderFile()
#2 /Users/sanmao/sscf/framework/web/CController.php(782): ChildcaseController->renderPartial()
#3 /Users/sanmao/sscf/protected/controllers/ChildcaseController.php(55): ChildcaseController->render()
#4 unknown(0): ChildcaseController->actionView()
#5 /Users/sanmao/sscf/framework/web/actions/CAction.php(108): ReflectionMethod->invokeArgs()
#6 /Users/sanmao/sscf/framework/web/actions/CInlineAction.php(47): CInlineAction->runWithParamsInternal()
#7 /Users/sanmao/sscf/framework/web/CController.php(308): CInlineAction->runWithParams()
#8 /Users/sanmao/sscf/framework/web/filters/CFilterChain.php(133): ChildcaseController->runAction()
#9 /Users/sanmao/sscf/framework/web/filters/CFilter.php(40): CFilterChain->run()
#10 /Users/sanmao/sscf/framework/web/CController.php(1145): CAccessControlFilter->filter()
#11 /Users/sanmao/sscf/framework/web/filters/CInlineFilter.php(58): ChildcaseController->filterAccessControl()
#12 /Users/sanmao/sscf/framework/web/filters/CFilterChain.php(130): CInlineFilter->filter()
#13 /Users/sanmao/sscf/framework/web/CController.php(291): CFilterChain->run()
#14 /Users/sanmao/sscf/framework/web/CController.php(265): ChildcaseController->runActionWithFilters()
#15 /Users/sanmao/sscf/framework/web/CWebApplication.php(282): ChildcaseController->run()
#16 /Users/sanmao/sscf/framework/web/CWebApplication.php(141): CWebApplication->runController()
#17 /Users/sanmao/sscf/framework/base/CApplication.php(169): CWebApplication->processRequest()
#18 /Users/sanmao/sscf/index.php(13): CWebApplication->run()
REQUEST_URI=/childcase/43
in /Users/sanmao/sscf/protected/views/childcase/view.php (247)
in /Users/sanmao/sscf/protected/controllers/ChildcaseController.php (55)
in /Users/sanmao/sscf/index.php (13)
2014/09/05 21:42:14 [error] [php] mailparse_msg_parse_file() expects parameter 1 to be string, resource given (/Users/sanmao/sscf/protected/views/childcase/view.php:247)
Stack trace:
#0 /Users/sanmao/sscf/framework/web/CBaseController.php(95): ChildcaseController->renderInternal()
#1 /Users/sanmao/sscf/framework/web/CController.php(869): ChildcaseController->renderFile()
#2 /Users/sanmao/sscf/framework/web/CController.php(782): ChildcaseController->renderPartial()
#3 /Users/sanmao/sscf/protected/controllers/ChildcaseController.php(55): ChildcaseController->render()
#4 unknown(0): ChildcaseController->actionView()
#5 /Users/sanmao/sscf/framework/web/actions/CAction.php(108): ReflectionMethod->invokeArgs()
#6 /Users/sanmao/sscf/framework/web/actions/CInlineAction.php(47): CInlineAction->runWithParamsInternal()
#7 /Users/sanmao/sscf/framework/web/CController.php(308): CInlineAction->runWithParams()
#8 /Users/sanmao/sscf/framework/web/filters/CFilterChain.php(133): ChildcaseController->runAction()
#9 /Users/sanmao/sscf/framework/web/filters/CFilter.php(40): CFilterChain->run()
#10 /Users/sanmao/sscf/framework/web/CController.php(1145): CAccessControlFilter->filter()
#11 /Users/sanmao/sscf/framework/web/filters/CInlineFilter.php(58): ChildcaseController->filterAccessControl()
#12 /Users/sanmao/sscf/framework/web/filters/CFilterChain.php(130): CInlineFilter->filter()
#13 /Users/sanmao/sscf/framework/web/CController.php(291): CFilterChain->run()
#14 /Users/sanmao/sscf/framework/web/CController.php(265): ChildcaseController->runActionWithFilters()
#15 /Users/sanmao/sscf/framework/web/CWebApplication.php(282): ChildcaseController->run()
#16 /Users/sanmao/sscf/framework/web/CWebApplication.php(141): CWebApplication->runController()
#17 /Users/sanmao/sscf/framework/base/CApplication.php(169): CWebApplication->processRequest()
#18 /Users/sanmao/sscf/index.php(13): CWebApplication->run()
REQUEST_URI=/childcase/43
in /Users/sanmao/sscf/protected/views/childcase/view.php (247)
in /Users/sanmao/sscf/protected/controllers/ChildcaseController.php (55)
in /Users/sanmao/sscf/index.php (13)
